Compiling the C compiler identification source file "CMakeCCompilerId.c" failed.
Compiler: /usr/bin/g++ 
Build flags: 
Id flags:  

The output was:
1
CMakeCCompilerId.c:2:3: error: #error "A C++ compiler has been selected for C."
 # error "A C++ compiler has been selected for C."
   ^


Compiling the C compiler identification source file "CMakeCCompilerId.c" failed.
Compiler: /usr/bin/g++ 
Build flags: 
Id flags: -c 

The output was:
1
CMakeCCompilerId.c:2:3: error: #error "A C++ compiler has been selected for C."
 # error "A C++ compiler has been selected for C."
   ^


Compiling the C compiler identification source file "CMakeCCompilerId.c" failed.
Compiler: /usr/bin/g++ 
Build flags: 
Id flags: -Aa 

The output was:
1
<command-line>:0:1: error: missing '(' after predicate
CMakeCCompilerId.c:2:3: error: #error "A C++ compiler has been selected for C."
 # error "A C++ compiler has been selected for C."
   ^


Compiling the C compiler identification source file "CMakeCCompilerId.c" failed.
Compiler: /usr/bin/g++ 
Build flags: 
Id flags: -D__CLASSIC_C__ 

The output was:
1
CMakeCCompilerId.c:2:3: error: #error "A C++ compiler has been selected for C."
 # error "A C++ compiler has been selected for C."
   ^
CMakeCCompilerId.c:319:64: warning: deprecated conversion from string constant to ‘char*’ [-Wwrite-strings]
 char const* info_compiler = "INFO" ":" "compiler[" COMPILER_ID "]";
                                                                ^
CMakeCCompilerId.c:566:64: warning: deprecated conversion from string constant to ‘char*’ [-Wwrite-strings]
 char const* info_platform = "INFO" ":" "platform[" PLATFORM_ID "]";
                                                                ^
CMakeCCompilerId.c:567:60: warning: deprecated conversion from string constant to ‘char*’ [-Wwrite-strings]
 char const* info_arch = "INFO" ":" "arch[" ARCHITECTURE_ID "]";
                                                            ^
CMakeCCompilerId.c:587:43: warning: deprecated conversion from string constant to ‘char*’ [-Wwrite-strings]
   "INFO" ":" "dialect_default[" C_DIALECT "]";
                                           ^
CMakeCCompilerId.c:595:10: error: ‘argc’ was not declared in this scope
 int main(argc, argv) int argc; char *argv[];
          ^
CMakeCCompilerId.c:595:16: error: ‘argv’ was not declared in this scope
 int main(argc, argv) int argc; char *argv[];
                ^
CMakeCCompilerId.c:595:20: error: expression list treated as compound expression in initializer [-fpermissive]
 int main(argc, argv) int argc; char *argv[];
                    ^
CMakeCCompilerId.c:595:22: error: expected ‘,’ or ‘;’ before ‘int’
 int main(argc, argv) int argc; char *argv[];
                      ^
CMakeCCompilerId.c:595:43: error: storage size of ‘argv’ isn’t known
 int main(argc, argv) int argc; char *argv[];
                                           ^
CMakeCCompilerId.c:599:1: error: expected unqualified-id before ‘{’ token
 {
 ^


Compiling the C compiler identification source file "CMakeCCompilerId.c" failed.
Compiler: /usr/bin/g++ 
Build flags: 
Id flags:  

The output was:
1
CMakeCCompilerId.c:2:3: error: #error "A C++ compiler has been selected for C."
 # error "A C++ compiler has been selected for C."
   ^


Compiling the C compiler identification source file "CMakeCCompilerId.c" failed.
Compiler: /usr/bin/g++ 
Build flags: 
Id flags: -c 

The output was:
1
CMakeCCompilerId.c:2:3: error: #error "A C++ compiler has been selected for C."
 # error "A C++ compiler has been selected for C."
   ^


Compiling the C compiler identification source file "CMakeCCompilerId.c" failed.
Compiler: /usr/bin/g++ 
Build flags: 
Id flags: -Aa 

The output was:
1
<command-line>:0:1: error: missing '(' after predicate
CMakeCCompilerId.c:2:3: error: #error "A C++ compiler has been selected for C."
 # error "A C++ compiler has been selected for C."
   ^


Compiling the C compiler identification source file "CMakeCCompilerId.c" failed.
Compiler: /usr/bin/g++ 
Build flags: 
Id flags: -D__CLASSIC_C__ 

The output was:
1
CMakeCCompilerId.c:2:3: error: #error "A C++ compiler has been selected for C."
 # error "A C++ compiler has been selected for C."
   ^
CMakeCCompilerId.c:319:64: warning: deprecated conversion from string constant to ‘char*’ [-Wwrite-strings]
 char const* info_compiler = "INFO" ":" "compiler[" COMPILER_ID "]";
                                                                ^
CMakeCCompilerId.c:566:64: warning: deprecated conversion from string constant to ‘char*’ [-Wwrite-strings]
 char const* info_platform = "INFO" ":" "platform[" PLATFORM_ID "]";
                                                                ^
CMakeCCompilerId.c:567:60: warning: deprecated conversion from string constant to ‘char*’ [-Wwrite-strings]
 char const* info_arch = "INFO" ":" "arch[" ARCHITECTURE_ID "]";
                                                            ^
CMakeCCompilerId.c:587:43: warning: deprecated conversion from string constant to ‘char*’ [-Wwrite-strings]
   "INFO" ":" "dialect_default[" C_DIALECT "]";
                                           ^
CMakeCCompilerId.c:595:10: error: ‘argc’ was not declared in this scope
 int main(argc, argv) int argc; char *argv[];
          ^
CMakeCCompilerId.c:595:16: error: ‘argv’ was not declared in this scope
 int main(argc, argv) int argc; char *argv[];
                ^
CMakeCCompilerId.c:595:20: error: expression list treated as compound expression in initializer [-fpermissive]
 int main(argc, argv) int argc; char *argv[];
                    ^
CMakeCCompilerId.c:595:22: error: expected ‘,’ or ‘;’ before ‘int’
 int main(argc, argv) int argc; char *argv[];
                      ^
CMakeCCompilerId.c:595:43: error: storage size of ‘argv’ isn’t known
 int main(argc, argv) int argc; char *argv[];
                                           ^
CMakeCCompilerId.c:599:1: error: expected unqualified-id before ‘{’ token
 {
 ^


Checking whether the C compiler is IAR using "" did not match "IAR .+ Compiler":
g++: fatal error: no input files
compilation terminated.
Checking whether the C compiler is IAR using "" did not match "IAR .+ Compiler":
g++: fatal error: no input files
compilation terminated.
Determining if the C compiler works failed with the following output:
Change Dir: /home/zbl/WebServer/webserver/base/CMakeFiles/CMakeTmp

Run Build Command:"/usr/bin/gmake" "cmTC_c1ceb/fast"
/usr/bin/gmake -f CMakeFiles/cmTC_c1ceb.dir/build.make CMakeFiles/cmTC_c1ceb.dir/build
gmake[1]: Entering directory `/home/zbl/WebServer/webserver/base/CMakeFiles/CMakeTmp'
Building C object CMakeFiles/cmTC_c1ceb.dir/testCCompiler.c.o
/usr/bin/g++    -o CMakeFiles/cmTC_c1ceb.dir/testCCompiler.c.o   -c /home/zbl/WebServer/webserver/base/CMakeFiles/CMakeTmp/testCCompiler.c
/home/zbl/WebServer/webserver/base/CMakeFiles/CMakeTmp/testCCompiler.c:2:3: error: #error "The CMAKE_C_COMPILER is set to a C++ compiler"
 # error "The CMAKE_C_COMPILER is set to a C++ compiler"
   ^
gmake[1]: *** [CMakeFiles/cmTC_c1ceb.dir/testCCompiler.c.o] Error 1
gmake[1]: Leaving directory `/home/zbl/WebServer/webserver/base/CMakeFiles/CMakeTmp'
gmake: *** [cmTC_c1ceb/fast] Error 2


Compiling the C compiler identification source file "CMakeCCompilerId.c" failed.
Compiler: /usr/bin/g++ 
Build flags: 
Id flags:  

The output was:
1
CMakeCCompilerId.c:2:3: error: #error "A C++ compiler has been selected for C."
 # error "A C++ compiler has been selected for C."
   ^


Compiling the C compiler identification source file "CMakeCCompilerId.c" failed.
Compiler: /usr/bin/g++ 
Build flags: 
Id flags: -c 

The output was:
1
CMakeCCompilerId.c:2:3: error: #error "A C++ compiler has been selected for C."
 # error "A C++ compiler has been selected for C."
   ^


Compiling the C compiler identification source file "CMakeCCompilerId.c" failed.
Compiler: /usr/bin/g++ 
Build flags: 
Id flags: -Aa 

The output was:
1
<command-line>:0:1: error: missing '(' after predicate
CMakeCCompilerId.c:2:3: error: #error "A C++ compiler has been selected for C."
 # error "A C++ compiler has been selected for C."
   ^


Compiling the C compiler identification source file "CMakeCCompilerId.c" failed.
Compiler: /usr/bin/g++ 
Build flags: 
Id flags: -D__CLASSIC_C__ 

The output was:
1
CMakeCCompilerId.c:2:3: error: #error "A C++ compiler has been selected for C."
 # error "A C++ compiler has been selected for C."
   ^
CMakeCCompilerId.c:319:64: warning: deprecated conversion from string constant to ‘char*’ [-Wwrite-strings]
 char const* info_compiler = "INFO" ":" "compiler[" COMPILER_ID "]";
                                                                ^
CMakeCCompilerId.c:566:64: warning: deprecated conversion from string constant to ‘char*’ [-Wwrite-strings]
 char const* info_platform = "INFO" ":" "platform[" PLATFORM_ID "]";
                                                                ^
CMakeCCompilerId.c:567:60: warning: deprecated conversion from string constant to ‘char*’ [-Wwrite-strings]
 char const* info_arch = "INFO" ":" "arch[" ARCHITECTURE_ID "]";
                                                            ^
CMakeCCompilerId.c:587:43: warning: deprecated conversion from string constant to ‘char*’ [-Wwrite-strings]
   "INFO" ":" "dialect_default[" C_DIALECT "]";
                                           ^
CMakeCCompilerId.c:595:10: error: ‘argc’ was not declared in this scope
 int main(argc, argv) int argc; char *argv[];
          ^
CMakeCCompilerId.c:595:16: error: ‘argv’ was not declared in this scope
 int main(argc, argv) int argc; char *argv[];
                ^
CMakeCCompilerId.c:595:20: error: expression list treated as compound expression in initializer [-fpermissive]
 int main(argc, argv) int argc; char *argv[];
                    ^
CMakeCCompilerId.c:595:22: error: expected ‘,’ or ‘;’ before ‘int’
 int main(argc, argv) int argc; char *argv[];
                      ^
CMakeCCompilerId.c:595:43: error: storage size of ‘argv’ isn’t known
 int main(argc, argv) int argc; char *argv[];
                                           ^
CMakeCCompilerId.c:599:1: error: expected unqualified-id before ‘{’ token
 {
 ^


Compiling the C compiler identification source file "CMakeCCompilerId.c" failed.
Compiler: /usr/bin/g++ 
Build flags: 
Id flags:  

The output was:
1
CMakeCCompilerId.c:2:3: error: #error "A C++ compiler has been selected for C."
 # error "A C++ compiler has been selected for C."
   ^


Compiling the C compiler identification source file "CMakeCCompilerId.c" failed.
Compiler: /usr/bin/g++ 
Build flags: 
Id flags: -c 

The output was:
1
CMakeCCompilerId.c:2:3: error: #error "A C++ compiler has been selected for C."
 # error "A C++ compiler has been selected for C."
   ^


Compiling the C compiler identification source file "CMakeCCompilerId.c" failed.
Compiler: /usr/bin/g++ 
Build flags: 
Id flags: -Aa 

The output was:
1
<command-line>:0:1: error: missing '(' after predicate
CMakeCCompilerId.c:2:3: error: #error "A C++ compiler has been selected for C."
 # error "A C++ compiler has been selected for C."
   ^


Compiling the C compiler identification source file "CMakeCCompilerId.c" failed.
Compiler: /usr/bin/g++ 
Build flags: 
Id flags: -D__CLASSIC_C__ 

The output was:
1
CMakeCCompilerId.c:2:3: error: #error "A C++ compiler has been selected for C."
 # error "A C++ compiler has been selected for C."
   ^
CMakeCCompilerId.c:319:64: warning: deprecated conversion from string constant to ‘char*’ [-Wwrite-strings]
 char const* info_compiler = "INFO" ":" "compiler[" COMPILER_ID "]";
                                                                ^
CMakeCCompilerId.c:566:64: warning: deprecated conversion from string constant to ‘char*’ [-Wwrite-strings]
 char const* info_platform = "INFO" ":" "platform[" PLATFORM_ID "]";
                                                                ^
CMakeCCompilerId.c:567:60: warning: deprecated conversion from string constant to ‘char*’ [-Wwrite-strings]
 char const* info_arch = "INFO" ":" "arch[" ARCHITECTURE_ID "]";
                                                            ^
CMakeCCompilerId.c:587:43: warning: deprecated conversion from string constant to ‘char*’ [-Wwrite-strings]
   "INFO" ":" "dialect_default[" C_DIALECT "]";
                                           ^
CMakeCCompilerId.c:595:10: error: ‘argc’ was not declared in this scope
 int main(argc, argv) int argc; char *argv[];
          ^
CMakeCCompilerId.c:595:16: error: ‘argv’ was not declared in this scope
 int main(argc, argv) int argc; char *argv[];
                ^
CMakeCCompilerId.c:595:20: error: expression list treated as compound expression in initializer [-fpermissive]
 int main(argc, argv) int argc; char *argv[];
                    ^
CMakeCCompilerId.c:595:22: error: expected ‘,’ or ‘;’ before ‘int’
 int main(argc, argv) int argc; char *argv[];
                      ^
CMakeCCompilerId.c:595:43: error: storage size of ‘argv’ isn’t known
 int main(argc, argv) int argc; char *argv[];
                                           ^
CMakeCCompilerId.c:599:1: error: expected unqualified-id before ‘{’ token
 {
 ^


Checking whether the C compiler is IAR using "" did not match "IAR .+ Compiler":
g++: fatal error: no input files
compilation terminated.
Checking whether the C compiler is IAR using "" did not match "IAR .+ Compiler":
g++: fatal error: no input files
compilation terminated.
Determining if the C compiler works failed with the following output:
Change Dir: /home/zbl/WebServer/webserver/base/CMakeFiles/CMakeTmp

Run Build Command:"/usr/bin/gmake" "cmTC_df613/fast"
/usr/bin/gmake -f CMakeFiles/cmTC_df613.dir/build.make CMakeFiles/cmTC_df613.dir/build
gmake[1]: Entering directory `/home/zbl/WebServer/webserver/base/CMakeFiles/CMakeTmp'
Building C object CMakeFiles/cmTC_df613.dir/testCCompiler.c.o
/usr/bin/g++    -o CMakeFiles/cmTC_df613.dir/testCCompiler.c.o   -c /home/zbl/WebServer/webserver/base/CMakeFiles/CMakeTmp/testCCompiler.c
/home/zbl/WebServer/webserver/base/CMakeFiles/CMakeTmp/testCCompiler.c:2:3: error: #error "The CMAKE_C_COMPILER is set to a C++ compiler"
 # error "The CMAKE_C_COMPILER is set to a C++ compiler"
   ^
gmake[1]: *** [CMakeFiles/cmTC_df613.dir/testCCompiler.c.o] Error 1
gmake[1]: Leaving directory `/home/zbl/WebServer/webserver/base/CMakeFiles/CMakeTmp'
gmake: *** [cmTC_df613/fast] Error 2


